                  country first_year           att se
                  Albania       1993  0.0432509859 NA
                  Algeria       2019 -0.0152871407 NA
                   Angola       2004  0.0747140853 NA
                Argentina       2015  0.0066426789 NA
                  Armenia       2018  0.3255920508 NA
                  Austria       1999 -0.0384058045 NA
               Azerbaijan         NA            NA NA
                  Belarus       1995 -0.3148668623 NA
                  Belgium       1993 -0.0606768265 NA
                    Benin       2010 -0.0277690232 NA
                   Bosnia         NA            NA NA
                 Botswana         NA            NA NA
                 Bulgaria         NA            NA NA
             Burkina Faso       2020  0.0082941625 NA
                 Cameroon         NA            NA NA
 Central African Republic         NA            NA NA
                 Colombia       2016 -0.0059543660 NA
                  Croatia         NA            NA NA
                   Cyprus         NA            NA NA
           Czech Republic       1994 -0.0591690748 NA
                  Denmark       2009 -0.0080342472 NA
       Dominican Republic       2017  0.0047020443 NA
                  Ecuador       2017  0.0804734858 NA
              El Salvador       2016 -0.0261916335 NA
                  Estonia       1993  0.1715792345 NA
                 Ethiopia       1994 -0.0304408964 NA
                   France       2010 -0.0120983612 NA
                  Germany         NA            NA NA
             Germany East         NA            NA NA
                   Greece       2000 -0.0493352862 NA
                Guatemala       2016  0.0137119833 NA
                  Hungary         NA            NA NA
                    Italy         NA            NA NA
                    Japan       2016  0.0104752972 NA
                   Jordan       2018  0.0094379961 NA
                   Latvia       1995 -0.0134236370 NA
                  Lebanon       2019 -0.0026204844 NA
                  Lesotho       2007 -0.0176360376 NA
               Luxembourg       1997 -0.0552869802 NA
                Macedonia         NA            NA NA
               Madagascar         NA            NA NA
                   Malawi       2006  0.0632161988 NA
                     Mali         NA            NA NA
                  Moldova       1993 -0.0125118393 NA
                 Mongolia       2019 -0.0082433890 NA
                  Morocco       2016  0.0008415165 NA
                  Myanmar       2017  0.0158660923 NA
                   Norway       1999 -0.0320748612 NA
                     Peru       2016 -0.0463227253 NA
                   Poland         NA            NA NA
                 Portugal       2011 -0.0169243188 NA
                  Romania       1993  0.0212491828 NA
                   Russia         NA            NA NA
                   Rwanda         NA            NA NA
                   Serbia       2018 -0.0256215650 NA
          Slovak Republic         NA            NA NA
                 Slovenia       2005 -0.0165285259 NA
             South Africa       2000  0.0214302744 NA
                    Spain       1993 -0.0901662230 NA
                Sri Lanka       2016  0.0719206254 NA
                   Sweden         NA            NA NA
                   Taiwan       2014  0.0557155386 NA
                   Turkey       2017  0.0196027538 NA
                     USSR         NA            NA NA
                  Ukraine       2007 -0.0570790232 NA
                    Yemen       2016 -0.0491826915 NA
               Yugoslavia       1996  0.0434614754 NA
                          reason
                              ok
                              ok
                              ok
                              ok
                              ok
                              ok
           insufficient pre/post
                              ok
                              ok
                              ok
           insufficient pre/post
           insufficient pre/post
           insufficient pre/post
                              ok
           insufficient pre/post
           insufficient pre/post
                              ok
 treated dropped by completeness
           insufficient pre/post
                              ok
                              ok
                              ok
                              ok
                              ok
                              ok
                              ok
                              ok
           insufficient pre/post
           insufficient pre/post
                              ok
                              ok
           insufficient pre/post
           insufficient pre/post
                              ok
                              ok
                              ok
                              ok
                              ok
                              ok
 treated dropped by completeness
           insufficient pre/post
                              ok
           insufficient pre/post
                              ok
                              ok
                              ok
                              ok
                              ok
                              ok
           insufficient pre/post
                              ok
                              ok
           insufficient pre/post
           insufficient pre/post
                              ok
 treated dropped by completeness
                              ok
                              ok
                              ok
                              ok
           insufficient pre/post
                              ok
                              ok
           insufficient pre/post
                              ok
                              ok
                              ok
