  [1/120] strict | spend_public_safety | cutoff=0.75 | size_total | full
  [2/120] strict | spend_public_safety | cutoff=0.75 | size_total | drop_2020
  [3/120] strict | spend_police | cutoff=0.75 | size_total | full
  [4/120] strict | spend_police | cutoff=0.75 | size_total | drop_2020
  [5/120] strict | spend_welfare | cutoff=0.75 | size_total | full
  [6/120] strict | spend_welfare | cutoff=0.75 | size_total | drop_2020
  [7/120] strict | spend_education | cutoff=0.75 | size_total | full
  [8/120] strict | spend_education | cutoff=0.75 | size_total | drop_2020
  [9/120] strict | spend_highways | cutoff=0.75 | size_total | full
  [10/120] strict | spend_highways | cutoff=0.75 | size_total | drop_2020
  [11/120] strict | spend_public_safety | cutoff=0.75 | size_total_hi | full
  [12/120] strict | spend_public_safety | cutoff=0.75 | size_total_hi | drop_2020
  [13/120] strict | spend_police | cutoff=0.75 | size_total_hi | full
  [14/120] strict | spend_police | cutoff=0.75 | size_total_hi | drop_2020
  [15/120] strict | spend_welfare | cutoff=0.75 | size_total_hi | full
  [16/120] strict | spend_welfare | cutoff=0.75 | size_total_hi | drop_2020
  [17/120] strict | spend_education | cutoff=0.75 | size_total_hi | full
  [18/120] strict | spend_education | cutoff=0.75 | size_total_hi | drop_2020
  [19/120] strict | spend_highways | cutoff=0.75 | size_total_hi | full
  [20/120] strict | spend_highways | cutoff=0.75 | size_total_hi | drop_2020
  [21/120] strict | spend_public_safety | cutoff=0.90 | size_total | full
  [22/120] strict | spend_public_safety | cutoff=0.90 | size_total | drop_2020
  [23/120] strict | spend_police | cutoff=0.90 | size_total | full
  [24/120] strict | spend_police | cutoff=0.90 | size_total | drop_2020
  [25/120] strict | spend_welfare | cutoff=0.90 | size_total | full
  [26/120] strict | spend_welfare | cutoff=0.90 | size_total | drop_2020
  [27/120] strict | spend_education | cutoff=0.90 | size_total | full
  [28/120] strict | spend_education | cutoff=0.90 | size_total | drop_2020
  [29/120] strict | spend_highways | cutoff=0.90 | size_total | full
  [30/120] strict | spend_highways | cutoff=0.90 | size_total | drop_2020
  [31/120] strict | spend_public_safety | cutoff=0.90 | size_total_hi | full
  [32/120] strict | spend_public_safety | cutoff=0.90 | size_total_hi | drop_2020
  [33/120] strict | spend_police | cutoff=0.90 | size_total_hi | full
  [34/120] strict | spend_police | cutoff=0.90 | size_total_hi | drop_2020
  [35/120] strict | spend_welfare | cutoff=0.90 | size_total_hi | full
  [36/120] strict | spend_welfare | cutoff=0.90 | size_total_hi | drop_2020
  [37/120] strict | spend_education | cutoff=0.90 | size_total_hi | full
  [38/120] strict | spend_education | cutoff=0.90 | size_total_hi | drop_2020
  [39/120] strict | spend_highways | cutoff=0.90 | size_total_hi | full
  [40/120] strict | spend_highways | cutoff=0.90 | size_total_hi | drop_2020
  [41/120] permissive | spend_public_safety | cutoff=0.75 | size_total | full
  [42/120] permissive | spend_public_safety | cutoff=0.75 | size_total | drop_2020
  [43/120] permissive | spend_police | cutoff=0.75 | size_total | full
  [44/120] permissive | spend_police | cutoff=0.75 | size_total | drop_2020
  [45/120] permissive | spend_welfare | cutoff=0.75 | size_total | full
  [46/120] permissive | spend_welfare | cutoff=0.75 | size_total | drop_2020
  [47/120] permissive | spend_education | cutoff=0.75 | size_total | full
  [48/120] permissive | spend_education | cutoff=0.75 | size_total | drop_2020
  [49/120] permissive | spend_highways | cutoff=0.75 | size_total | full
  [50/120] permissive | spend_highways | cutoff=0.75 | size_total | drop_2020
  [51/120] permissive | spend_public_safety | cutoff=0.75 | size_total_hi | full
  [52/120] permissive | spend_public_safety | cutoff=0.75 | size_total_hi | drop_2020
  [53/120] permissive | spend_police | cutoff=0.75 | size_total_hi | full
  [54/120] permissive | spend_police | cutoff=0.75 | size_total_hi | drop_2020
  [55/120] permissive | spend_welfare | cutoff=0.75 | size_total_hi | full
  [56/120] permissive | spend_welfare | cutoff=0.75 | size_total_hi | drop_2020
  [57/120] permissive | spend_education | cutoff=0.75 | size_total_hi | full
  [58/120] permissive | spend_education | cutoff=0.75 | size_total_hi | drop_2020
  [59/120] permissive | spend_highways | cutoff=0.75 | size_total_hi | full
  [60/120] permissive | spend_highways | cutoff=0.75 | size_total_hi | drop_2020
  [61/120] permissive | spend_public_safety | cutoff=0.90 | size_total | full
  [62/120] permissive | spend_public_safety | cutoff=0.90 | size_total | drop_2020
  [63/120] permissive | spend_police | cutoff=0.90 | size_total | full
  [64/120] permissive | spend_police | cutoff=0.90 | size_total | drop_2020
  [65/120] permissive | spend_welfare | cutoff=0.90 | size_total | full
  [66/120] permissive | spend_welfare | cutoff=0.90 | size_total | drop_2020
  [67/120] permissive | spend_education | cutoff=0.90 | size_total | full
  [68/120] permissive | spend_education | cutoff=0.90 | size_total | drop_2020
  [69/120] permissive | spend_highways | cutoff=0.90 | size_total | full
  [70/120] permissive | spend_highways | cutoff=0.90 | size_total | drop_2020
  [71/120] permissive | spend_public_safety | cutoff=0.90 | size_total_hi | full
  [72/120] permissive | spend_public_safety | cutoff=0.90 | size_total_hi | drop_2020
  [73/120] permissive | spend_police | cutoff=0.90 | size_total_hi | full
  [74/120] permissive | spend_police | cutoff=0.90 | size_total_hi | drop_2020
  [75/120] permissive | spend_welfare | cutoff=0.90 | size_total_hi | full
  [76/120] permissive | spend_welfare | cutoff=0.90 | size_total_hi | drop_2020
  [77/120] permissive | spend_education | cutoff=0.90 | size_total_hi | full
  [78/120] permissive | spend_education | cutoff=0.90 | size_total_hi | drop_2020
  [79/120] permissive | spend_highways | cutoff=0.90 | size_total_hi | full
  [80/120] permissive | spend_highways | cutoff=0.90 | size_total_hi | drop_2020
  [81/120] noarrest | spend_public_safety | cutoff=0.75 | size_total | full
  [82/120] noarrest | spend_public_safety | cutoff=0.75 | size_total | drop_2020
  [83/120] noarrest | spend_police | cutoff=0.75 | size_total | full
  [84/120] noarrest | spend_police | cutoff=0.75 | size_total | drop_2020
  [85/120] noarrest | spend_welfare | cutoff=0.75 | size_total | full
  [86/120] noarrest | spend_welfare | cutoff=0.75 | size_total | drop_2020
  [87/120] noarrest | spend_education | cutoff=0.75 | size_total | full
  [88/120] noarrest | spend_education | cutoff=0.75 | size_total | drop_2020
  [89/120] noarrest | spend_highways | cutoff=0.75 | size_total | full
  [90/120] noarrest | spend_highways | cutoff=0.75 | size_total | drop_2020
  [91/120] noarrest | spend_public_safety | cutoff=0.75 | size_total_hi | full
  [92/120] noarrest | spend_public_safety | cutoff=0.75 | size_total_hi | drop_2020
  [93/120] noarrest | spend_police | cutoff=0.75 | size_total_hi | full
  [94/120] noarrest | spend_police | cutoff=0.75 | size_total_hi | drop_2020
  [95/120] noarrest | spend_welfare | cutoff=0.75 | size_total_hi | full
  [96/120] noarrest | spend_welfare | cutoff=0.75 | size_total_hi | drop_2020
  [97/120] noarrest | spend_education | cutoff=0.75 | size_total_hi | full
  [98/120] noarrest | spend_education | cutoff=0.75 | size_total_hi | drop_2020
  [99/120] noarrest | spend_highways | cutoff=0.75 | size_total_hi | full
  [100/120] noarrest | spend_highways | cutoff=0.75 | size_total_hi | drop_2020
  [101/120] noarrest | spend_public_safety | cutoff=0.90 | size_total | full
  [102/120] noarrest | spend_public_safety | cutoff=0.90 | size_total | drop_2020
  [103/120] noarrest | spend_police | cutoff=0.90 | size_total | full
  [104/120] noarrest | spend_police | cutoff=0.90 | size_total | drop_2020
  [105/120] noarrest | spend_welfare | cutoff=0.90 | size_total | full
  [106/120] noarrest | spend_welfare | cutoff=0.90 | size_total | drop_2020
  [107/120] noarrest | spend_education | cutoff=0.90 | size_total | full
  [108/120] noarrest | spend_education | cutoff=0.90 | size_total | drop_2020
  [109/120] noarrest | spend_highways | cutoff=0.90 | size_total | full
  [110/120] noarrest | spend_highways | cutoff=0.90 | size_total | drop_2020
  [111/120] noarrest | spend_public_safety | cutoff=0.90 | size_total_hi | full
  [112/120] noarrest | spend_public_safety | cutoff=0.90 | size_total_hi | drop_2020
  [113/120] noarrest | spend_police | cutoff=0.90 | size_total_hi | full
  [114/120] noarrest | spend_police | cutoff=0.90 | size_total_hi | drop_2020
  [115/120] noarrest | spend_welfare | cutoff=0.90 | size_total_hi | full
  [116/120] noarrest | spend_welfare | cutoff=0.90 | size_total_hi | drop_2020
  [117/120] noarrest | spend_education | cutoff=0.90 | size_total_hi | full
  [118/120] noarrest | spend_education | cutoff=0.90 | size_total_hi | drop_2020
  [119/120] noarrest | spend_highways | cutoff=0.90 | size_total_hi | full
  [120/120] noarrest | spend_highways | cutoff=0.90 | size_total_hi | drop_2020
