 violence_def year n_county_year n_county_year_any share_violent_nonzero
     noarrest 2017          2279              1036           0.021061869
     noarrest 2018          2279              1525           0.011847301
     noarrest 2019          2279              1081           0.007898201
     noarrest 2020          2279              1647           0.106186924
     noarrest 2021          2279              1352           0.033786749
     noarrest 2022          2279              1449           0.038613427
     noarrest 2023          2279              1295           0.050021939
   permissive 2017          2279              1036           0.056603774
   permissive 2018          2279              1525           0.057042563
   permissive 2019          2279              1081           0.046950417
   permissive 2020          2279              1647           0.151820974
   permissive 2021          2279              1352           0.068451075
   permissive 2022          2279              1449           0.061430452
   permissive 2023          2279              1295           0.078982010
       strict 2017          2279              1036           0.057042563
       strict 2018          2279              1525           0.057042563
       strict 2019          2279              1081           0.046950417
       strict 2020          2279              1647           0.157086441
       strict 2021          2279              1352           0.068889864
       strict 2022          2279              1449           0.062308030
       strict 2023          2279              1295           0.079859588
 share_nonviolent_nonzero
                0.4537078
                0.6691531
                0.4743308
                0.7204914
                0.5932427
                0.6353664
                0.5677929
                0.4523914
                0.6682756
                0.4730145
                0.7204914
                0.5914875
                0.6353664
                0.5664765
                0.4523914
                0.6682756
                0.4730145
                0.7200527
                0.5914875
                0.6353664
                0.5664765
