  year n_events pct_has_fips pct_has_size pct_online_only pct_pd pct_ar pct_ic
1 2017    10873         99.8         60.0            0.00   0.37   3.18   0.65
2 2018    21554         99.8         55.5            0.00   0.06   1.48   0.15
3 2019    11420        100.0         42.4            0.00   0.08   1.82   0.17
4 2020    28334         99.9         44.9            0.00   2.07   4.41   1.67
5 2021    29409         99.9         34.0            0.69   0.47   1.39   0.36
6 2022    37677         99.9         35.1            0.29   0.31   0.76   0.20
7 2023    32370         99.9         36.4            0.15   0.64   1.29   0.24
8 2024    40367         99.9         29.8            0.07   0.81   1.64   0.45
  pct_ip pct_ca pct_v_strict pct_v_permissive pct_v_noarrest n_counties
1   0.23   0.00         3.62             3.61           0.95       1036
2   0.05   0.00         1.60             1.59           0.20       1525
3   0.08   0.00         1.88             1.88           0.22       1081
4   0.86   1.32         6.12             5.84           3.21       1647
5   0.08   0.14         1.90             1.88           0.78       1352
6   0.03   0.04         1.17             1.15           0.49       1451
7   0.06   0.06         2.00             1.96           0.87       1296
8   0.07   0.12         2.53             2.51           1.22       1051
  n_total only_pd only_ar only_ic only_ip only_ca pd_and_ar pd_and_ic ar_and_ic
1  212004     789    2795     448      17      97       564       202       518
  ca_and_ic_or_ip all_five
1             229       48
      pd    ar    ic    ip    ca
pd 1.000 0.230 0.161 0.249 0.237
ar 0.230 1.000 0.251 0.267 0.239
ic 0.161 0.251 1.000 0.282 0.250
ip 0.249 0.267 0.282 1.000 0.296
ca 0.237 0.239 0.250 0.296 1.000
                                          step      n
1                     Raw events (Phase 1 + 2) 212004
2                                + valid FIPS5 211771
3                          + year in 2017-2023 171427
4                            + not online-only 171039
5   + non-missing size_mean (A_US core sample)  70905
