     size_tier      n   pct
   T1_observed  70923 41.46
 T4_range_high     17  0.01
      T5_model 100127 58.53
 year     size_tier     n   pct
 2017   T1_observed  6512 60.01
 2017 T4_range_high     1  0.01
 2017      T5_model  4339 39.98
 2018   T1_observed 11941 55.50
 2018 T4_range_high    13  0.06
 2018      T5_model  9560 44.44
 2019   T1_observed  4841 42.41
 2019      T5_model  6574 57.59
 2020   T1_observed 12706 44.91
 2020      T5_model 15587 55.09
 2021   T1_observed  9963 34.15
 2021 T4_range_high     1  0.00
 2021      T5_model 19213 65.85
 2022   T1_observed 13210 35.19
 2022 T4_range_high     1  0.00
 2022      T5_model 24326 64.81
 2023   T1_observed 11750 36.40
 2023 T4_range_high     1  0.00
 2023      T5_model 20528 63.60
 year n_events total_observed total_direct total_imputed total_lo_bound
 2017    10852        7574972      7575072       8884584        7618372
 2018    21514       11457065     11459581      15202114       11552795
 2019    11415        3678728      3678728       5389272        3744468
 2020    28293        4465090      4465090       9176952        4620960
 2021    29177        1364652      1365652       4321760        1556792
 2022    37537        4817283      4818283       9651831        5060553
 2023    32279        9559546      9559566      12734070        9764836
 total_hi_bound ratio_imp_obs ratio_hi_lo
       11503607          1.17        1.51
       22687181          1.33        1.96
        8810361          1.46        2.35
       18579748          2.06        4.02
       10233977          3.17        6.57
       19318926          2.00        3.82
       19083079          1.33        1.95
