            outcome arm          att         se
      v2x_polyarchy  nv -0.012151923 0.02058810
      v2x_polyarchy   v  0.007272065 0.02151942
         v2x_libdem  nv -0.001458277 0.02101288
         v2x_libdem   v  0.010676545 0.01773607
      v2x_partipdem  nv -0.002206615 0.01527939
      v2x_partipdem   v  0.004117557 0.01313576
            polity2  nv -0.484282647 0.78314438
            polity2   v  0.791669316 0.68016733
 wdi_health_pct_gdp  nv  0.424019880 0.37746002
 wdi_health_pct_gdp   v -0.297797426 0.24774251
    leader_turnover  nv -0.126994996 0.07430807
    leader_turnover   v  0.046393377 0.04180880
            outcome    att_nv     att_v  att_diff se_diff  p_diff     sign
      v2x_polyarchy -0.012152  0.007272 -0.019424 0.02978 0.51427 backlash
         v2x_libdem -0.001458  0.010677 -0.012135 0.02750 0.65899 backlash
      v2x_partipdem -0.002207  0.004118 -0.006324 0.02015 0.75363 backlash
            polity2 -0.484283  0.791669 -1.275952 1.03728 0.21866 backlash
 wdi_health_pct_gdp  0.424020 -0.297797  0.721817 0.45150 0.10989  premium
    leader_turnover -0.126995  0.046393 -0.173388 0.08526 0.04199 backlash
